INFO main org.springframework.jdbc.datasource.embedded.EmbeddedDatabaseFactory - Creating embedded database 'dataSource'
INFO main org.springframework.jdbc.datasource.init.ResourceDatabasePopulator - Executing SQL script from class path resource [com/hantsylabs/example/conference/config/schema.sql]
INFO main org.springframework.jdbc.datasource.init.ResourceDatabasePopulator - Done executing SQL script from class path resource [com/hantsylabs/example/conference/config/schema.sql] in 273 ms.
INFO main org.springframework.test.context.transaction.TransactionalTestExecutionListener - Began transaction (1): transaction manager [org.springframework.jdbc.datasource.DataSourceTransactionManager@4b07bb1]; rollback [true]
DEBUG main com.hantsylabs.example.conference.dao.NamedParamJdbcTemplateConferenceDaoImplTest - ===================before test=====================
DEBUG main com.hantsylabs.example.conference.dao.NamedParamJdbcTemplateConferenceDaoImplTest - enter test retrieveConference@
DEBUG main com.hantsylabs.example.conference.dao.NamedParamJdbcTemplateConferenceDaoImplTest - new conference object:Conference[id=<null>,version=<null>,name=JUD2013,description=JBoss User Developer Conference 2013 Boston,startedDate=Mon Jun 10 20:47:43 CST 2013,endedDate=Mon Jun 17 20:47:43 CST 2013,slug=jud-2013]
DEBUG main com.hantsylabs.example.conference.dao.NamedParamJdbcTemplateConferenceDaoImplTest - id @=2
DEBUG main com.hantsylabs.example.conference.dao.NamedParamJdbcTemplateConferenceDaoImplTest - conference @Conference[id=2,version=<null>,name=JUD2013,description=JBoss User Developer Conference 2013 Boston,startedDate=2013-06-10,endedDate=2013-06-17,slug=jud-2013]
DEBUG main com.hantsylabs.example.conference.dao.NamedParamJdbcTemplateConferenceDaoImplTest - ===================after test=====================
DEBUG main com.hantsylabs.example.conference.jdbc.NamedParamJdbcTemplateConferenceDaoImpl - rows deleted @2
INFO main org.springframework.test.context.transaction.TransactionalTestExecutionListener - Rolled back transaction after test execution for test context [TestContext@4147e2b6 testClass = NamedParamJdbcTemplateConferenceDaoImplTest, testInstance = com.hantsylabs.example.conference.dao.NamedParamJdbcTemplateConferenceDaoImplTest@56753c35, testMethod = retrieveConference@NamedParamJdbcTemplateConferenceDaoImplTest, testException = [null], mergedContextConfiguration = [MergedContextConfiguration@2ac3e7eb testClass = NamedParamJdbcTemplateConferenceDaoImplTest, locations = '{classpath:/com/hantsylabs/example/conference/config/applicationContext-jdbc.xml}', classes = '{}', contextInitializerClasses = '[]', activeProfiles = '{}', contextLoader = 'org.springframework.test.context.support.DelegatingSmartContextLoader', parent = [null]]]
INFO Thread-1 org.springframework.context.support.GenericApplicationContext - Closing org.springframework.context.support.GenericApplicationContext@55d48209: startup date [Sat May 11 20:47:41 CST 2013]; root of context hierarchy
INFO Thread-1 org.springframework.beans.factory.support.DefaultListableBeanFactory - Destroying singletons in org.springframework.beans.factory.support.DefaultListableBeanFactory@2ab67140: defining beans [dataSource,transactionManager,jdbcTemplate,namedParamJdbcTemplate,jdbcConferenceDaoImpl,jdbcTemplateConferenceDaoImpl,namedParamJdbcTemplateConferenceDaoImpl,org.springframework.context.annotation.internalConfigurationAnnotationProcessor,org.springframework.context.annotation.internalAutowiredAnnotationProcessor,org.springframework.context.annotation.internalRequiredAnnotationProcessor,org.springframework.context.annotation.internalCommonAnnotationProcessor,org.springframework.context.annotation.internalPersistenceAnnotationProcessor,org.springframework.context.annotation.ConfigurationClassPostProcessor.importAwareProcessor]; root of factory hierarchy
DEBUG main com.hantsylabs.example.conference.dao.SimpleJdbcConferenceDaoImplTest - ===================before class======================
INFO main org.springframework.beans.factory.xml.XmlBeanDefinitionReader - Loading XML bean definitions from class path resource [com/hantsylabs/example/conference/config/applicationContext-jdbc.xml]
INFO main org.springframework.context.annotation.ClassPathBeanDefinitionScanner - JSR-330 'javax.inject.Named' annotation found and supported for component scanning
INFO main org.springframework.context.support.GenericApplicationContext - Refreshing org.springframework.context.support.GenericApplicationContext@7fc4fe21: startup date [Sat May 11 22:09:46 CST 2013]; root of context hierarchy
INFO main org.springframework.beans.factory.annotation.AutowiredAnnotationBeanPostProcessor - JSR-330 'javax.inject.Inject' annotation found and supported for autowiring
INFO main org.springframework.beans.factory.support.DefaultListableBeanFactory - Pre-instantiating singletons in org.springframework.beans.factory.support.DefaultListableBeanFactory@184dbba7: defining beans [dataSource,transactionManager,jdbcTemplate,namedParamJdbcTemplate,jdbcConferenceDaoImpl,jdbcTemplateConferenceDaoImpl,namedParamJdbcTemplateConferenceDaoImpl,simpleJdbcConferenceDaoImpl,org.springframework.context.annotation.internalConfigurationAnnotationProcessor,org.springframework.context.annotation.internalAutowiredAnnotationProcessor,org.springframework.context.annotation.internalRequiredAnnotationProcessor,org.springframework.context.annotation.internalCommonAnnotationProcessor,org.springframework.context.annotation.internalPersistenceAnnotationProcessor,org.springframework.context.annotation.ConfigurationClassPostProcessor.importAwareProcessor]; root of factory hierarchy
INFO main org.springframework.jdbc.datasource.embedded.EmbeddedDatabaseFactory - Creating embedded database 'dataSource'
INFO main org.springframework.jdbc.datasource.init.ResourceDatabasePopulator - Executing SQL script from class path resource [com/hantsylabs/example/conference/config/schema.sql]
INFO main org.springframework.jdbc.datasource.init.ResourceDatabasePopulator - Done executing SQL script from class path resource [com/hantsylabs/example/conference/config/schema.sql] in 261 ms.
INFO main org.springframework.test.context.transaction.TransactionalTestExecutionListener - Began transaction (1): transaction manager [org.springframework.jdbc.datasource.DataSourceTransactionManager@25b856b6]; rollback [true]
DEBUG main com.hantsylabs.example.conference.dao.SimpleJdbcConferenceDaoImplTest - ===================before test=====================
DEBUG main com.hantsylabs.example.conference.dao.SimpleJdbcConferenceDaoImplTest - enter test retrieveConference@
DEBUG main com.hantsylabs.example.conference.dao.SimpleJdbcConferenceDaoImplTest - new conference object:Conference[id=<null>,version=<null>,name=JUD2013,description=JBoss User Developer Conference 2013 Boston,startedDate=Mon Jun 10 22:09:48 CST 2013,endedDate=Mon Jun 17 22:09:48 CST 2013,slug=jud-2013]
DEBUG main com.hantsylabs.example.conference.jdbc.SimpleJdbcConferenceDaoImpl$ConferencenJdbcInsert - Compiled insert object: insert string is [INSERT INTO conference (name, slug, description, started_date, ended_date) VALUES(?, ?, ?, ?, ?)]
DEBUG main com.hantsylabs.example.conference.jdbc.SimpleJdbcConferenceDaoImpl$ConferencenJdbcInsert - JdbcInsert for table [conference] compiled
DEBUG main com.hantsylabs.example.conference.jdbc.SimpleJdbcConferenceDaoImpl$ConferencenJdbcInsert - The following parameters are used for call INSERT INTO conference (name, slug, description, started_date, ended_date) VALUES(?, ?, ?, ?, ?) with: [JUD2013, jud-2013, JBoss User Developer Conference 2013 Boston, 2013-06-10 22:09:48.598, 2013-06-17 22:09:48.598]
DEBUG main com.hantsylabs.example.conference.jdbc.SimpleJdbcConferenceDaoImpl$ConferencenJdbcInsert - Using generated keys support with array of column names.
DEBUG main com.hantsylabs.example.conference.dao.SimpleJdbcConferenceDaoImplTest - id @=2
DEBUG main com.hantsylabs.example.conference.jdbc.SimpleJdbcConferenceDaoImpl$FindById - RdbmsOperation with SQL [select * from conference where id=?] compiled
DEBUG main com.hantsylabs.example.conference.dao.SimpleJdbcConferenceDaoImplTest - conference @Conference[id=2,version=<null>,name=JUD2013,description=JBoss User Developer Conference 2013 Boston,startedDate=2013-06-10,endedDate=2013-06-17,slug=jud-2013]
DEBUG main com.hantsylabs.example.conference.jdbc.SimpleJdbcConferenceDaoImpl$FindBySlug - RdbmsOperation with SQL [select * from conference where slug=?] compiled
DEBUG main com.hantsylabs.example.conference.dao.SimpleJdbcConferenceDaoImplTest - ===================after test=====================
DEBUG main com.hantsylabs.example.conference.jdbc.SimpleJdbcConferenceDaoImpl$DeleteAll - RdbmsOperation with SQL [delete from conference] compiled
DEBUG main com.hantsylabs.example.conference.jdbc.SimpleJdbcConferenceDaoImpl - rows deleted @2
INFO main org.springframework.test.context.transaction.TransactionalTestExecutionListener - Rolled back transaction after test execution for test context [TestContext@544f4ab4 testClass = SimpleJdbcConferenceDaoImplTest, testInstance = com.hantsylabs.example.conference.dao.SimpleJdbcConferenceDaoImplTest@21b19aaa, testMethod = retrieveConference@SimpleJdbcConferenceDaoImplTest, testException = java.lang.AssertionError, mergedContextConfiguration = [MergedContextConfiguration@1321202e testClass = SimpleJdbcConferenceDaoImplTest, locations = '{classpath:/com/hantsylabs/example/conference/config/applicationContext-jdbc.xml}', classes = '{}', contextInitializerClasses = '[]', activeProfiles = '{}', contextLoader = 'org.springframework.test.context.support.DelegatingSmartContextLoader', parent = [null]]]
INFO main org.springframework.test.context.transaction.TransactionalTestExecutionListener - Began transaction (2): transaction manager [org.springframework.jdbc.datasource.DataSourceTransactionManager@25b856b6]; rollback [true]
DEBUG main com.hantsylabs.example.conference.dao.SimpleJdbcConferenceDaoImplTest - ===================before test=====================
DEBUG main com.hantsylabs.example.conference.dao.SimpleJdbcConferenceDaoImplTest - new conference object:Conference[id=<null>,version=<null>,name=JUD2013,description=JBoss User Developer Conference 2013 Boston,startedDate=Mon Jun 10 22:09:48 CST 2013,endedDate=Mon Jun 17 22:09:48 CST 2013,slug=jud-2013]
DEBUG main com.hantsylabs.example.conference.jdbc.SimpleJdbcConferenceDaoImpl$ConferencenJdbcInsert - Compiled insert object: insert string is [INSERT INTO conference (name, slug, description, started_date, ended_date) VALUES(?, ?, ?, ?, ?)]
DEBUG main com.hantsylabs.example.conference.jdbc.SimpleJdbcConferenceDaoImpl$ConferencenJdbcInsert - JdbcInsert for table [conference] compiled
DEBUG main com.hantsylabs.example.conference.jdbc.SimpleJdbcConferenceDaoImpl$ConferencenJdbcInsert - The following parameters are used for call INSERT INTO conference (name, slug, description, started_date, ended_date) VALUES(?, ?, ?, ?, ?) with: [JUD2013, jud-2013, JBoss User Developer Conference 2013 Boston, 2013-06-10 22:09:48.991, 2013-06-17 22:09:48.991]
DEBUG main com.hantsylabs.example.conference.jdbc.SimpleJdbcConferenceDaoImpl$ConferencenJdbcInsert - Using generated keys support with array of column names.
DEBUG main com.hantsylabs.example.conference.dao.SimpleJdbcConferenceDaoImplTest - id @=3
DEBUG main com.hantsylabs.example.conference.jdbc.SimpleJdbcConferenceDaoImpl$FindById - RdbmsOperation with SQL [select * from conference where id=?] compiled
DEBUG main com.hantsylabs.example.conference.jdbc.SimpleJdbcConferenceDaoImpl$ConferenceUpdate - RdbmsOperation with SQL [update conference set slug=?, name=?, description=?, started_date=?, ended_date=? where id =?] compiled
DEBUG main com.hantsylabs.example.conference.jdbc.SimpleJdbcConferenceDaoImpl - rows updated@1
DEBUG main com.hantsylabs.example.conference.jdbc.SimpleJdbcConferenceDaoImpl$FindById - RdbmsOperation with SQL [select * from conference where id=?] compiled
DEBUG main com.hantsylabs.example.conference.dao.SimpleJdbcConferenceDaoImplTest - ===================after test=====================
DEBUG main com.hantsylabs.example.conference.jdbc.SimpleJdbcConferenceDaoImpl$DeleteAll - RdbmsOperation with SQL [delete from conference] compiled
DEBUG main com.hantsylabs.example.conference.jdbc.SimpleJdbcConferenceDaoImpl - rows deleted @2
INFO main org.springframework.test.context.transaction.TransactionalTestExecutionListener - Rolled back transaction after test execution for test context [TestContext@544f4ab4 testClass = SimpleJdbcConferenceDaoImplTest, testInstance = com.hantsylabs.example.conference.dao.SimpleJdbcConferenceDaoImplTest@31245703, testMethod = updateConference@SimpleJdbcConferenceDaoImplTest, testException = [null], mergedContextConfiguration = [MergedContextConfiguration@1321202e testClass = SimpleJdbcConferenceDaoImplTest, locations = '{classpath:/com/hantsylabs/example/conference/config/applicationContext-jdbc.xml}', classes = '{}', contextInitializerClasses = '[]', activeProfiles = '{}', contextLoader = 'org.springframework.test.context.support.DelegatingSmartContextLoader', parent = [null]]]
INFO main org.springframework.test.context.transaction.TransactionalTestExecutionListener - Began transaction (3): transaction manager [org.springframework.jdbc.datasource.DataSourceTransactionManager@25b856b6]; rollback [true]
DEBUG main com.hantsylabs.example.conference.dao.SimpleJdbcConferenceDaoImplTest - ===================before test=====================
DEBUG main com.hantsylabs.example.conference.dao.SimpleJdbcConferenceDaoImplTest - new conference object:Conference[id=<null>,version=<null>,name=JUD2013,description=JBoss User Developer Conference 2013 Boston,startedDate=Mon Jun 10 22:09:49 CST 2013,endedDate=Mon Jun 17 22:09:49 CST 2013,slug=jud-2013]
DEBUG main com.hantsylabs.example.conference.jdbc.SimpleJdbcConferenceDaoImpl$ConferencenJdbcInsert - Compiled insert object: insert string is [INSERT INTO conference (name, slug, description, started_date, ended_date) VALUES(?, ?, ?, ?, ?)]
DEBUG main com.hantsylabs.example.conference.jdbc.SimpleJdbcConferenceDaoImpl$ConferencenJdbcInsert - JdbcInsert for table [conference] compiled
DEBUG main com.hantsylabs.example.conference.jdbc.SimpleJdbcConferenceDaoImpl$ConferencenJdbcInsert - The following parameters are used for call INSERT INTO conference (name, slug, description, started_date, ended_date) VALUES(?, ?, ?, ?, ?) with: [JUD2013, jud-2013, JBoss User Developer Conference 2013 Boston, 2013-06-10 22:09:49.064, 2013-06-17 22:09:49.064]
DEBUG main com.hantsylabs.example.conference.jdbc.SimpleJdbcConferenceDaoImpl$ConferencenJdbcInsert - Using generated keys support with array of column names.
DEBUG main com.hantsylabs.example.conference.dao.SimpleJdbcConferenceDaoImplTest - id @=4
DEBUG main com.hantsylabs.example.conference.jdbc.SimpleJdbcConferenceDaoImpl$FindById - RdbmsOperation with SQL [select * from conference where id=?] compiled
DEBUG main com.hantsylabs.example.conference.jdbc.SimpleJdbcConferenceDaoImpl$DeleteById - RdbmsOperation with SQL [delete from conference where id=?] compiled
DEBUG main com.hantsylabs.example.conference.jdbc.SimpleJdbcConferenceDaoImpl$FindById - RdbmsOperation with SQL [select * from conference where id=?] compiled
DEBUG main com.hantsylabs.example.conference.dao.SimpleJdbcConferenceDaoImplTest - conference@null
DEBUG main com.hantsylabs.example.conference.dao.SimpleJdbcConferenceDaoImplTest - ===================after test=====================
DEBUG main com.hantsylabs.example.conference.jdbc.SimpleJdbcConferenceDaoImpl$DeleteAll - RdbmsOperation with SQL [delete from conference] compiled
DEBUG main com.hantsylabs.example.conference.jdbc.SimpleJdbcConferenceDaoImpl - rows deleted @1
INFO main org.springframework.test.context.transaction.TransactionalTestExecutionListener - Rolled back transaction after test execution for test context [TestContext@544f4ab4 testClass = SimpleJdbcConferenceDaoImplTest, testInstance = com.hantsylabs.example.conference.dao.SimpleJdbcConferenceDaoImplTest@3f511d13, testMethod = deleteConference@SimpleJdbcConferenceDaoImplTest, testException = [null], mergedContextConfiguration = [MergedContextConfiguration@1321202e testClass = SimpleJdbcConferenceDaoImplTest, locations = '{classpath:/com/hantsylabs/example/conference/config/applicationContext-jdbc.xml}', classes = '{}', contextInitializerClasses = '[]', activeProfiles = '{}', contextLoader = 'org.springframework.test.context.support.DelegatingSmartContextLoader', parent = [null]]]
INFO Thread-1 org.springframework.context.support.GenericApplicationContext - Closing org.springframework.context.support.GenericApplicationContext@7fc4fe21: startup date [Sat May 11 22:09:46 CST 2013]; root of context hierarchy
INFO Thread-1 org.springframework.beans.factory.support.DefaultListableBeanFactory - Destroying singletons in org.springframework.beans.factory.support.DefaultListableBeanFactory@184dbba7: defining beans [dataSource,transactionManager,jdbcTemplate,namedParamJdbcTemplate,jdbcConferenceDaoImpl,jdbcTemplateConferenceDaoImpl,namedParamJdbcTemplateConferenceDaoImpl,simpleJdbcConferenceDaoImpl,org.springframework.context.annotation.internalConfigurationAnnotationProcessor,org.springframework.context.annotation.internalAutowiredAnnotationProcessor,org.springframework.context.annotation.internalRequiredAnnotationProcessor,org.springframework.context.annotation.internalCommonAnnotationProcessor,org.springframework.context.annotation.internalPersistenceAnnotationProcessor,org.springframework.context.annotation.ConfigurationClassPostProcessor.importAwareProcessor]; root of factory hierarchy
DEBUG main com.hantsylabs.example.conference.dao.SimpleJdbcConferenceDaoImplTest - ===================before class======================
INFO main org.springframework.beans.factory.xml.XmlBeanDefinitionReader - Loading XML bean definitions from class path resource [com/hantsylabs/example/conference/config/applicationContext-jdbc.xml]
INFO main org.springframework.context.annotation.ClassPathBeanDefinitionScanner - JSR-330 'javax.inject.Named' annotation found and supported for component scanning
INFO main org.springframework.context.support.GenericApplicationContext - Refreshing org.springframework.context.support.GenericApplicationContext@72a548e4: startup date [Sat May 11 22:19:42 CST 2013]; root of context hierarchy
INFO main org.springframework.beans.factory.annotation.AutowiredAnnotationBeanPostProcessor - JSR-330 'javax.inject.Inject' annotation found and supported for autowiring
INFO main org.springframework.beans.factory.support.DefaultListableBeanFactory - Pre-instantiating singletons in org.springframework.beans.factory.support.DefaultListableBeanFactory@175add68: defining beans [dataSource,transactionManager,jdbcTemplate,namedParamJdbcTemplate,jdbcConferenceDaoImpl,jdbcTemplateConferenceDaoImpl,namedParamJdbcTemplateConferenceDaoImpl,simpleJdbcConferenceDaoImpl,org.springframework.context.annotation.internalConfigurationAnnotationProcessor,org.springframework.context.annotation.internalAutowiredAnnotationProcessor,org.springframework.context.annotation.internalRequiredAnnotationProcessor,org.springframework.context.annotation.internalCommonAnnotationProcessor,org.springframework.context.annotation.internalPersistenceAnnotationProcessor,org.springframework.context.annotation.ConfigurationClassPostProcessor.importAwareProcessor]; root of factory hierarchy
INFO main org.springframework.jdbc.datasource.embedded.EmbeddedDatabaseFactory - Creating embedded database 'dataSource'
INFO main org.springframework.jdbc.datasource.init.ResourceDatabasePopulator - Executing SQL script from class path resource [com/hantsylabs/example/conference/config/schema.sql]
INFO main org.springframework.jdbc.datasource.init.ResourceDatabasePopulator - Done executing SQL script from class path resource [com/hantsylabs/example/conference/config/schema.sql] in 475 ms.
INFO main org.springframework.test.context.transaction.TransactionalTestExecutionListener - Began transaction (1): transaction manager [org.springframework.jdbc.datasource.DataSourceTransactionManager@fd25f2b]; rollback [true]
DEBUG main com.hantsylabs.example.conference.dao.SimpleJdbcConferenceDaoImplTest - ===================before test=====================
DEBUG main com.hantsylabs.example.conference.dao.SimpleJdbcConferenceDaoImplTest - enter test retrieveConference@
DEBUG main com.hantsylabs.example.conference.dao.SimpleJdbcConferenceDaoImplTest - new conference object:Conference[id=<null>,version=<null>,name=JUD2013,description=JBoss User Developer Conference 2013 Boston,startedDate=Mon Jun 10 22:19:44 CST 2013,endedDate=Mon Jun 17 22:19:44 CST 2013,slug=jud-2013]
DEBUG main com.hantsylabs.example.conference.jdbc.SimpleJdbcConferenceDaoImpl$ConferencenJdbcInsert - Compiled insert object: insert string is [INSERT INTO conference (name, slug, description, started_date, ended_date) VALUES(?, ?, ?, ?, ?)]
DEBUG main com.hantsylabs.example.conference.jdbc.SimpleJdbcConferenceDaoImpl$ConferencenJdbcInsert - JdbcInsert for table [conference] compiled
DEBUG main com.hantsylabs.example.conference.jdbc.SimpleJdbcConferenceDaoImpl$ConferencenJdbcInsert - The following parameters are used for call INSERT INTO conference (name, slug, description, started_date, ended_date) VALUES(?, ?, ?, ?, ?) with: [JUD2013, jud-2013, JBoss User Developer Conference 2013 Boston, 2013-06-10 22:19:44.215, 2013-06-17 22:19:44.215]
DEBUG main com.hantsylabs.example.conference.jdbc.SimpleJdbcConferenceDaoImpl$ConferencenJdbcInsert - Using generated keys support with array of column names.
DEBUG main com.hantsylabs.example.conference.dao.SimpleJdbcConferenceDaoImplTest - id @=2
DEBUG main com.hantsylabs.example.conference.jdbc.SimpleJdbcConferenceDaoImpl$FindById - RdbmsOperation with SQL [select * from conference where id=?] compiled
DEBUG main com.hantsylabs.example.conference.dao.SimpleJdbcConferenceDaoImplTest - conference @Conference[id=2,version=<null>,name=JUD2013,description=JBoss User Developer Conference 2013 Boston,startedDate=2013-06-10,endedDate=2013-06-17,slug=jud-2013]
DEBUG main com.hantsylabs.example.conference.jdbc.SimpleJdbcConferenceDaoImpl$FindBySlug - RdbmsOperation with SQL [select * from conference where slug=?] compiled
DEBUG main com.hantsylabs.example.conference.dao.SimpleJdbcConferenceDaoImplTest - ===================after test=====================
DEBUG main com.hantsylabs.example.conference.jdbc.SimpleJdbcConferenceDaoImpl$DeleteAll - RdbmsOperation with SQL [delete from conference] compiled
DEBUG main com.hantsylabs.example.conference.jdbc.SimpleJdbcConferenceDaoImpl - rows deleted @2
INFO main org.springframework.test.context.transaction.TransactionalTestExecutionListener - Rolled back transaction after test execution for test context [TestContext@455d59c3 testClass = SimpleJdbcConferenceDaoImplTest, testInstance = com.hantsylabs.example.conference.dao.SimpleJdbcConferenceDaoImplTest@73b034c8, testMethod = retrieveConference@SimpleJdbcConferenceDaoImplTest, testException = java.lang.AssertionError, mergedContextConfiguration = [MergedContextConfiguration@355971ce testClass = SimpleJdbcConferenceDaoImplTest, locations = '{classpath:/com/hantsylabs/example/conference/config/applicationContext-jdbc.xml}', classes = '{}', contextInitializerClasses = '[]', activeProfiles = '{}', contextLoader = 'org.springframework.test.context.support.DelegatingSmartContextLoader', parent = [null]]]
INFO main org.springframework.test.context.transaction.TransactionalTestExecutionListener - Began transaction (2): transaction manager [org.springframework.jdbc.datasource.DataSourceTransactionManager@fd25f2b]; rollback [true]
DEBUG main com.hantsylabs.example.conference.dao.SimpleJdbcConferenceDaoImplTest - ===================before test=====================
DEBUG main com.hantsylabs.example.conference.dao.SimpleJdbcConferenceDaoImplTest - new conference object:Conference[id=<null>,version=<null>,name=JUD2013,description=JBoss User Developer Conference 2013 Boston,startedDate=Mon Jun 10 22:19:44 CST 2013,endedDate=Mon Jun 17 22:19:44 CST 2013,slug=jud-2013]
DEBUG main com.hantsylabs.example.conference.jdbc.SimpleJdbcConferenceDaoImpl$ConferencenJdbcInsert - Compiled insert object: insert string is [INSERT INTO conference (name, slug, description, started_date, ended_date) VALUES(?, ?, ?, ?, ?)]
DEBUG main com.hantsylabs.example.conference.jdbc.SimpleJdbcConferenceDaoImpl$ConferencenJdbcInsert - JdbcInsert for table [conference] compiled
DEBUG main com.hantsylabs.example.conference.jdbc.SimpleJdbcConferenceDaoImpl$ConferencenJdbcInsert - The following parameters are used for call INSERT INTO conference (name, slug, description, started_date, ended_date) VALUES(?, ?, ?, ?, ?) with: [JUD2013, jud-2013, JBoss User Developer Conference 2013 Boston, 2013-06-10 22:19:44.452, 2013-06-17 22:19:44.452]
DEBUG main com.hantsylabs.example.conference.jdbc.SimpleJdbcConferenceDaoImpl$ConferencenJdbcInsert - Using generated keys support with array of column names.
DEBUG main com.hantsylabs.example.conference.dao.SimpleJdbcConferenceDaoImplTest - id @=3
DEBUG main com.hantsylabs.example.conference.jdbc.SimpleJdbcConferenceDaoImpl$FindById - RdbmsOperation with SQL [select * from conference where id=?] compiled
DEBUG main com.hantsylabs.example.conference.jdbc.SimpleJdbcConferenceDaoImpl$ConferenceUpdate - RdbmsOperation with SQL [update conference set slug=?, name=?, description=?, started_date=?, ended_date=? where id =?] compiled
DEBUG main com.hantsylabs.example.conference.jdbc.SimpleJdbcConferenceDaoImpl - rows updated@1
DEBUG main com.hantsylabs.example.conference.jdbc.SimpleJdbcConferenceDaoImpl$FindById - RdbmsOperation with SQL [select * from conference where id=?] compiled
DEBUG main com.hantsylabs.example.conference.dao.SimpleJdbcConferenceDaoImplTest - ===================after test=====================
DEBUG main com.hantsylabs.example.conference.jdbc.SimpleJdbcConferenceDaoImpl$DeleteAll - RdbmsOperation with SQL [delete from conference] compiled
DEBUG main com.hantsylabs.example.conference.jdbc.SimpleJdbcConferenceDaoImpl - rows deleted @2
INFO main org.springframework.test.context.transaction.TransactionalTestExecutionListener - Rolled back transaction after test execution for test context [TestContext@455d59c3 testClass = SimpleJdbcConferenceDaoImplTest, testInstance = com.hantsylabs.example.conference.dao.SimpleJdbcConferenceDaoImplTest@7e23c750, testMethod = updateConference@SimpleJdbcConferenceDaoImplTest, testException = [null], mergedContextConfiguration = [MergedContextConfiguration@355971ce testClass = SimpleJdbcConferenceDaoImplTest, locations = '{classpath:/com/hantsylabs/example/conference/config/applicationContext-jdbc.xml}', classes = '{}', contextInitializerClasses = '[]', activeProfiles = '{}', contextLoader = 'org.springframework.test.context.support.DelegatingSmartContextLoader', parent = [null]]]
INFO main org.springframework.test.context.transaction.TransactionalTestExecutionListener - Began transaction (3): transaction manager [org.springframework.jdbc.datasource.DataSourceTransactionManager@fd25f2b]; rollback [true]
DEBUG main com.hantsylabs.example.conference.dao.SimpleJdbcConferenceDaoImplTest - ===================before test=====================
DEBUG main com.hantsylabs.example.conference.dao.SimpleJdbcConferenceDaoImplTest - new conference object:Conference[id=<null>,version=<null>,name=JUD2013,description=JBoss User Developer Conference 2013 Boston,startedDate=Mon Jun 10 22:19:44 CST 2013,endedDate=Mon Jun 17 22:19:44 CST 2013,slug=jud-2013]
DEBUG main com.hantsylabs.example.conference.jdbc.SimpleJdbcConferenceDaoImpl$ConferencenJdbcInsert - Compiled insert object: insert string is [INSERT INTO conference (name, slug, description, started_date, ended_date) VALUES(?, ?, ?, ?, ?)]
DEBUG main com.hantsylabs.example.conference.jdbc.SimpleJdbcConferenceDaoImpl$ConferencenJdbcInsert - JdbcInsert for table [conference] compiled
DEBUG main com.hantsylabs.example.conference.jdbc.SimpleJdbcConferenceDaoImpl$ConferencenJdbcInsert - The following parameters are used for call INSERT INTO conference (name, slug, description, started_date, ended_date) VALUES(?, ?, ?, ?, ?) with: [JUD2013, jud-2013, JBoss User Developer Conference 2013 Boston, 2013-06-10 22:19:44.516, 2013-06-17 22:19:44.516]
DEBUG main com.hantsylabs.example.conference.jdbc.SimpleJdbcConferenceDaoImpl$ConferencenJdbcInsert - Using generated keys support with array of column names.
DEBUG main com.hantsylabs.example.conference.dao.SimpleJdbcConferenceDaoImplTest - id @=4
DEBUG main com.hantsylabs.example.conference.jdbc.SimpleJdbcConferenceDaoImpl$FindById - RdbmsOperation with SQL [select * from conference where id=?] compiled
DEBUG main com.hantsylabs.example.conference.jdbc.SimpleJdbcConferenceDaoImpl$DeleteById - RdbmsOperation with SQL [delete from conference where id=?] compiled
DEBUG main com.hantsylabs.example.conference.jdbc.SimpleJdbcConferenceDaoImpl$FindById - RdbmsOperation with SQL [select * from conference where id=?] compiled
DEBUG main com.hantsylabs.example.conference.dao.SimpleJdbcConferenceDaoImplTest - conference@null
DEBUG main com.hantsylabs.example.conference.dao.SimpleJdbcConferenceDaoImplTest - ===================after test=====================
DEBUG main com.hantsylabs.example.conference.jdbc.SimpleJdbcConferenceDaoImpl$DeleteAll - RdbmsOperation with SQL [delete from conference] compiled
DEBUG main com.hantsylabs.example.conference.jdbc.SimpleJdbcConferenceDaoImpl - rows deleted @1
INFO main org.springframework.test.context.transaction.TransactionalTestExecutionListener - Rolled back transaction after test execution for test context [TestContext@455d59c3 testClass = SimpleJdbcConferenceDaoImplTest, testInstance = com.hantsylabs.example.conference.dao.SimpleJdbcConferenceDaoImplTest@4b29670c, testMethod = deleteConference@SimpleJdbcConferenceDaoImplTest, testException = [null], mergedContextConfiguration = [MergedContextConfiguration@355971ce testClass = SimpleJdbcConferenceDaoImplTest, locations = '{classpath:/com/hantsylabs/example/conference/config/applicationContext-jdbc.xml}', classes = '{}', contextInitializerClasses = '[]', activeProfiles = '{}', contextLoader = 'org.springframework.test.context.support.DelegatingSmartContextLoader', parent = [null]]]
INFO Thread-1 org.springframework.context.support.GenericApplicationContext - Closing org.springframework.context.support.GenericApplicationContext@72a548e4: startup date [Sat May 11 22:19:42 CST 2013]; root of context hierarchy
INFO Thread-1 org.springframework.beans.factory.support.DefaultListableBeanFactory - Destroying singletons in org.springframework.beans.factory.support.DefaultListableBeanFactory@175add68: defining beans [dataSource,transactionManager,jdbcTemplate,namedParamJdbcTemplate,jdbcConferenceDaoImpl,jdbcTemplateConferenceDaoImpl,namedParamJdbcTemplateConferenceDaoImpl,simpleJdbcConferenceDaoImpl,org.springframework.context.annotation.internalConfigurationAnnotationProcessor,org.springframework.context.annotation.internalAutowiredAnnotationProcessor,org.springframework.context.annotation.internalRequiredAnnotationProcessor,org.springframework.context.annotation.internalCommonAnnotationProcessor,org.springframework.context.annotation.internalPersistenceAnnotationProcessor,org.springframework.context.annotation.ConfigurationClassPostProcessor.importAwareProcessor]; root of factory hierarchy
DEBUG main com.hantsylabs.example.conference.dao.SimpleJdbcConferenceDaoImplTest - ===================before class======================
INFO main org.springframework.beans.factory.xml.XmlBeanDefinitionReader - Loading XML bean definitions from class path resource [com/hantsylabs/example/conference/config/applicationContext-jdbc.xml]
INFO main org.springframework.context.annotation.ClassPathBeanDefinitionScanner - JSR-330 'javax.inject.Named' annotation found and supported for component scanning
INFO main org.springframework.context.support.GenericApplicationContext - Refreshing org.springframework.context.support.GenericApplicationContext@55d48209: startup date [Sat May 11 22:22:18 CST 2013]; root of context hierarchy
INFO main org.springframework.beans.factory.annotation.AutowiredAnnotationBeanPostProcessor - JSR-330 'javax.inject.Inject' annotation found and supported for autowiring
INFO main org.springframework.beans.factory.support.DefaultListableBeanFactory - Pre-instantiating singletons in org.springframework.beans.factory.support.DefaultListableBeanFactory@4e7de2d2: defining beans [dataSource,transactionManager,jdbcTemplate,namedParamJdbcTemplate,jdbcConferenceDaoImpl,jdbcTemplateConferenceDaoImpl,namedParamJdbcTemplateConferenceDaoImpl,simpleJdbcConferenceDaoImpl,org.springframework.context.annotation.internalConfigurationAnnotationProcessor,org.springframework.context.annotation.internalAutowiredAnnotationProcessor,org.springframework.context.annotation.internalRequiredAnnotationProcessor,org.springframework.context.annotation.internalCommonAnnotationProcessor,org.springframework.context.annotation.internalPersistenceAnnotationProcessor,org.springframework.context.annotation.ConfigurationClassPostProcessor.importAwareProcessor]; root of factory hierarchy
INFO main org.springframework.jdbc.datasource.embedded.EmbeddedDatabaseFactory - Creating embedded database 'dataSource'
INFO main org.springframework.jdbc.datasource.init.ResourceDatabasePopulator - Executing SQL script from class path resource [com/hantsylabs/example/conference/config/schema.sql]
INFO main org.springframework.jdbc.datasource.init.ResourceDatabasePopulator - Done executing SQL script from class path resource [com/hantsylabs/example/conference/config/schema.sql] in 383 ms.
INFO main org.springframework.test.context.transaction.TransactionalTestExecutionListener - Began transaction (1): transaction manager [org.springframework.jdbc.datasource.DataSourceTransactionManager@b692bc4]; rollback [true]
DEBUG main com.hantsylabs.example.conference.dao.SimpleJdbcConferenceDaoImplTest - ===================before test=====================
DEBUG main com.hantsylabs.example.conference.dao.SimpleJdbcConferenceDaoImplTest - enter test retrieveConference@
DEBUG main com.hantsylabs.example.conference.dao.SimpleJdbcConferenceDaoImplTest - new conference object:Conference[id=<null>,version=<null>,name=JUD2013,description=JBoss User Developer Conference 2013 Boston,startedDate=Mon Jun 10 22:22:20 CST 2013,endedDate=Mon Jun 17 22:22:20 CST 2013,slug=jud-2013]
DEBUG main com.hantsylabs.example.conference.jdbc.SimpleJdbcConferenceDaoImpl$ConferencenJdbcInsert - Compiled insert object: insert string is [INSERT INTO conference (name, slug, description, started_date, ended_date) VALUES(?, ?, ?, ?, ?)]
DEBUG main com.hantsylabs.example.conference.jdbc.SimpleJdbcConferenceDaoImpl$ConferencenJdbcInsert - JdbcInsert for table [conference] compiled
DEBUG main com.hantsylabs.example.conference.jdbc.SimpleJdbcConferenceDaoImpl$ConferencenJdbcInsert - The following parameters are used for call INSERT INTO conference (name, slug, description, started_date, ended_date) VALUES(?, ?, ?, ?, ?) with: [JUD2013, jud-2013, JBoss User Developer Conference 2013 Boston, 2013-06-10 22:22:20.464, 2013-06-17 22:22:20.464]
DEBUG main com.hantsylabs.example.conference.jdbc.SimpleJdbcConferenceDaoImpl$ConferencenJdbcInsert - Using generated keys support with array of column names.
DEBUG main com.hantsylabs.example.conference.dao.SimpleJdbcConferenceDaoImplTest - id @=2
DEBUG main com.hantsylabs.example.conference.jdbc.SimpleJdbcConferenceDaoImpl$FindById - RdbmsOperation with SQL [select * from conference where id=?] compiled
DEBUG main com.hantsylabs.example.conference.dao.SimpleJdbcConferenceDaoImplTest - conference @Conference[id=2,version=<null>,name=JUD2013,description=JBoss User Developer Conference 2013 Boston,startedDate=2013-06-10,endedDate=2013-06-17,slug=jud-2013]
DEBUG main com.hantsylabs.example.conference.jdbc.SimpleJdbcConferenceDaoImpl$FindBySlug - RdbmsOperation with SQL [select * from conference where slug=?] compiled
DEBUG main com.hantsylabs.example.conference.jdbc.SimpleJdbcConferenceDaoImpl$FindBySlug - RdbmsOperation with SQL [select * from conference where slug=?] compiled
DEBUG main com.hantsylabs.example.conference.dao.SimpleJdbcConferenceDaoImplTest - ===================after test=====================
DEBUG main com.hantsylabs.example.conference.jdbc.SimpleJdbcConferenceDaoImpl$DeleteAll - RdbmsOperation with SQL [delete from conference] compiled
DEBUG main com.hantsylabs.example.conference.jdbc.SimpleJdbcConferenceDaoImpl - rows deleted @2
INFO main org.springframework.test.context.transaction.TransactionalTestExecutionListener - Rolled back transaction after test execution for test context [TestContext@4be271de testClass = SimpleJdbcConferenceDaoImplTest, testInstance = com.hantsylabs.example.conference.dao.SimpleJdbcConferenceDaoImplTest@7fa1ccbd, testMethod = retrieveConference@SimpleJdbcConferenceDaoImplTest, testException = [null], mergedContextConfiguration = [MergedContextConfiguration@5788cdc1 testClass = SimpleJdbcConferenceDaoImplTest, locations = '{classpath:/com/hantsylabs/example/conference/config/applicationContext-jdbc.xml}', classes = '{}', contextInitializerClasses = '[]', activeProfiles = '{}', contextLoader = 'org.springframework.test.context.support.DelegatingSmartContextLoader', parent = [null]]]
INFO main org.springframework.test.context.transaction.TransactionalTestExecutionListener - Began transaction (2): transaction manager [org.springframework.jdbc.datasource.DataSourceTransactionManager@b692bc4]; rollback [true]
DEBUG main com.hantsylabs.example.conference.dao.SimpleJdbcConferenceDaoImplTest - ===================before test=====================
DEBUG main com.hantsylabs.example.conference.dao.SimpleJdbcConferenceDaoImplTest - new conference object:Conference[id=<null>,version=<null>,name=JUD2013,description=JBoss User Developer Conference 2013 Boston,startedDate=Mon Jun 10 22:22:20 CST 2013,endedDate=Mon Jun 17 22:22:20 CST 2013,slug=jud-2013]
DEBUG main com.hantsylabs.example.conference.jdbc.SimpleJdbcConferenceDaoImpl$ConferencenJdbcInsert - Compiled insert object: insert string is [INSERT INTO conference (name, slug, description, started_date, ended_date) VALUES(?, ?, ?, ?, ?)]
DEBUG main com.hantsylabs.example.conference.jdbc.SimpleJdbcConferenceDaoImpl$ConferencenJdbcInsert - JdbcInsert for table [conference] compiled
DEBUG main com.hantsylabs.example.conference.jdbc.SimpleJdbcConferenceDaoImpl$ConferencenJdbcInsert - The following parameters are used for call INSERT INTO conference (name, slug, description, started_date, ended_date) VALUES(?, ?, ?, ?, ?) with: [JUD2013, jud-2013, JBoss User Developer Conference 2013 Boston, 2013-06-10 22:22:20.665, 2013-06-17 22:22:20.665]
DEBUG main com.hantsylabs.example.conference.jdbc.SimpleJdbcConferenceDaoImpl$ConferencenJdbcInsert - Using generated keys support with array of column names.
DEBUG main com.hantsylabs.example.conference.dao.SimpleJdbcConferenceDaoImplTest - id @=3
DEBUG main com.hantsylabs.example.conference.jdbc.SimpleJdbcConferenceDaoImpl$FindById - RdbmsOperation with SQL [select * from conference where id=?] compiled
DEBUG main com.hantsylabs.example.conference.jdbc.SimpleJdbcConferenceDaoImpl$ConferenceUpdate - RdbmsOperation with SQL [update conference set slug=?, name=?, description=?, started_date=?, ended_date=? where id =?] compiled
DEBUG main com.hantsylabs.example.conference.jdbc.SimpleJdbcConferenceDaoImpl - rows updated@1
DEBUG main com.hantsylabs.example.conference.jdbc.SimpleJdbcConferenceDaoImpl$FindById - RdbmsOperation with SQL [select * from conference where id=?] compiled
DEBUG main com.hantsylabs.example.conference.dao.SimpleJdbcConferenceDaoImplTest - ===================after test=====================
DEBUG main com.hantsylabs.example.conference.jdbc.SimpleJdbcConferenceDaoImpl$DeleteAll - RdbmsOperation with SQL [delete from conference] compiled
DEBUG main com.hantsylabs.example.conference.jdbc.SimpleJdbcConferenceDaoImpl - rows deleted @2
INFO main org.springframework.test.context.transaction.TransactionalTestExecutionListener - Rolled back transaction after test execution for test context [TestContext@4be271de testClass = SimpleJdbcConferenceDaoImplTest, testInstance = com.hantsylabs.example.conference.dao.SimpleJdbcConferenceDaoImplTest@20107a21, testMethod = updateConference@SimpleJdbcConferenceDaoImplTest, testException = [null], mergedContextConfiguration = [MergedContextConfiguration@5788cdc1 testClass = SimpleJdbcConferenceDaoImplTest, locations = '{classpath:/com/hantsylabs/example/conference/config/applicationContext-jdbc.xml}', classes = '{}', contextInitializerClasses = '[]', activeProfiles = '{}', contextLoader = 'org.springframework.test.context.support.DelegatingSmartContextLoader', parent = [null]]]
INFO main org.springframework.test.context.transaction.TransactionalTestExecutionListener - Began transaction (3): transaction manager [org.springframework.jdbc.datasource.DataSourceTransactionManager@b692bc4]; rollback [true]
DEBUG main com.hantsylabs.example.conference.dao.SimpleJdbcConferenceDaoImplTest - ===================before test=====================
DEBUG main com.hantsylabs.example.conference.dao.SimpleJdbcConferenceDaoImplTest - new conference object:Conference[id=<null>,version=<null>,name=JUD2013,description=JBoss User Developer Conference 2013 Boston,startedDate=Mon Jun 10 22:22:20 CST 2013,endedDate=Mon Jun 17 22:22:20 CST 2013,slug=jud-2013]
DEBUG main com.hantsylabs.example.conference.jdbc.SimpleJdbcConferenceDaoImpl$ConferencenJdbcInsert - Compiled insert object: insert string is [INSERT INTO conference (name, slug, description, started_date, ended_date) VALUES(?, ?, ?, ?, ?)]
DEBUG main com.hantsylabs.example.conference.jdbc.SimpleJdbcConferenceDaoImpl$ConferencenJdbcInsert - JdbcInsert for table [conference] compiled
DEBUG main com.hantsylabs.example.conference.jdbc.SimpleJdbcConferenceDaoImpl$ConferencenJdbcInsert - The following parameters are used for call INSERT INTO conference (name, slug, description, started_date, ended_date) VALUES(?, ?, ?, ?, ?) with: [JUD2013, jud-2013, JBoss User Developer Conference 2013 Boston, 2013-06-10 22:22:20.744, 2013-06-17 22:22:20.744]
DEBUG main com.hantsylabs.example.conference.jdbc.SimpleJdbcConferenceDaoImpl$ConferencenJdbcInsert - Using generated keys support with array of column names.
DEBUG main com.hantsylabs.example.conference.dao.SimpleJdbcConferenceDaoImplTest - id @=4
DEBUG main com.hantsylabs.example.conference.jdbc.SimpleJdbcConferenceDaoImpl$FindById - RdbmsOperation with SQL [select * from conference where id=?] compiled
DEBUG main com.hantsylabs.example.conference.jdbc.SimpleJdbcConferenceDaoImpl$DeleteById - RdbmsOperation with SQL [delete from conference where id=?] compiled
DEBUG main com.hantsylabs.example.conference.jdbc.SimpleJdbcConferenceDaoImpl$FindById - RdbmsOperation with SQL [select * from conference where id=?] compiled
DEBUG main com.hantsylabs.example.conference.dao.SimpleJdbcConferenceDaoImplTest - conference@null
DEBUG main com.hantsylabs.example.conference.dao.SimpleJdbcConferenceDaoImplTest - ===================after test=====================
DEBUG main com.hantsylabs.example.conference.jdbc.SimpleJdbcConferenceDaoImpl$DeleteAll - RdbmsOperation with SQL [delete from conference] compiled
DEBUG main com.hantsylabs.example.conference.jdbc.SimpleJdbcConferenceDaoImpl - rows deleted @1
INFO main org.springframework.test.context.transaction.TransactionalTestExecutionListener - Rolled back transaction after test execution for test context [TestContext@4be271de testClass = SimpleJdbcConferenceDaoImplTest, testInstance = com.hantsylabs.example.conference.dao.SimpleJdbcConferenceDaoImplTest@4511d0ea, testMethod = deleteConference@SimpleJdbcConferenceDaoImplTest, testException = [null], mergedContextConfiguration = [MergedContextConfiguration@5788cdc1 testClass = SimpleJdbcConferenceDaoImplTest, locations = '{classpath:/com/hantsylabs/example/conference/config/applicationContext-jdbc.xml}', classes = '{}', contextInitializerClasses = '[]', activeProfiles = '{}', contextLoader = 'org.springframework.test.context.support.DelegatingSmartContextLoader', parent = [null]]]
INFO Thread-1 org.springframework.context.support.GenericApplicationContext - Closing org.springframework.context.support.GenericApplicationContext@55d48209: startup date [Sat May 11 22:22:18 CST 2013]; root of context hierarchy
INFO Thread-1 org.springframework.beans.factory.support.DefaultListableBeanFactory - Destroying singletons in org.springframework.beans.factory.support.DefaultListableBeanFactory@4e7de2d2: defining beans [dataSource,transactionManager,jdbcTemplate,namedParamJdbcTemplate,jdbcConferenceDaoImpl,jdbcTemplateConferenceDaoImpl,namedParamJdbcTemplateConferenceDaoImpl,simpleJdbcConferenceDaoImpl,org.springframework.context.annotation.internalConfigurationAnnotationProcessor,org.springframework.context.annotation.internalAutowiredAnnotationProcessor,org.springframework.context.annotation.internalRequiredAnnotationProcessor,org.springframework.context.annotation.internalCommonAnnotationProcessor,org.springframework.context.annotation.internalPersistenceAnnotationProcessor,org.springframework.context.annotation.ConfigurationClassPostProcessor.importAwareProcessor]; root of factory hierarchy
DEBUG main com.hantsylabs.example.conference.dao.SimpleJdbcConferenceDaoImplTest - ===================before class======================
INFO main org.springframework.beans.factory.xml.XmlBeanDefinitionReader - Loading XML bean definitions from class path resource [com/hantsylabs/example/conference/config/applicationContext-jdbc.xml]
INFO main org.springframework.context.annotation.ClassPathBeanDefinitionScanner - JSR-330 'javax.inject.Named' annotation found and supported for component scanning
INFO main org.springframework.context.support.GenericApplicationContext - Refreshing org.springframework.context.support.GenericApplicationContext@29a6119a: startup date [Sat May 11 22:25:18 CST 2013]; root of context hierarchy
INFO main org.springframework.beans.factory.annotation.AutowiredAnnotationBeanPostProcessor - JSR-330 'javax.inject.Inject' annotation found and supported for autowiring
INFO main org.springframework.beans.factory.support.DefaultListableBeanFactory - Pre-instantiating singletons in org.springframework.beans.factory.support.DefaultListableBeanFactory@11ce22ab: defining beans [dataSource,transactionManager,jdbcTemplate,namedParamJdbcTemplate,jdbcConferenceDaoImpl,jdbcTemplateConferenceDaoImpl,namedParamJdbcTemplateConferenceDaoImpl,simpleJdbcConferenceDaoImpl,org.springframework.context.annotation.internalConfigurationAnnotationProcessor,org.springframework.context.annotation.internalAutowiredAnnotationProcessor,org.springframework.context.annotation.internalRequiredAnnotationProcessor,org.springframework.context.annotation.internalCommonAnnotationProcessor,org.springframework.context.annotation.internalPersistenceAnnotationProcessor,org.springframework.context.annotation.ConfigurationClassPostProcessor.importAwareProcessor]; root of factory hierarchy
INFO main org.springframework.jdbc.datasource.embedded.EmbeddedDatabaseFactory - Creating embedded database 'dataSource'
INFO main org.springframework.jdbc.datasource.init.ResourceDatabasePopulator - Executing SQL script from class path resource [com/hantsylabs/example/conference/config/schema.sql]
INFO main org.springframework.jdbc.datasource.init.ResourceDatabasePopulator - Done executing SQL script from class path resource [com/hantsylabs/example/conference/config/schema.sql] in 240 ms.
INFO main org.springframework.test.context.transaction.TransactionalTestExecutionListener - Began transaction (1): transaction manager [org.springframework.jdbc.datasource.DataSourceTransactionManager@209197a2]; rollback [true]
DEBUG main com.hantsylabs.example.conference.dao.SimpleJdbcConferenceDaoImplTest - ===================before test=====================
DEBUG main com.hantsylabs.example.conference.dao.SimpleJdbcConferenceDaoImplTest - enter test retrieveConference@
DEBUG main com.hantsylabs.example.conference.dao.SimpleJdbcConferenceDaoImplTest - new conference object:Conference[id=<null>,version=<null>,name=JUD2013,description=JBoss User Developer Conference 2013 Boston,startedDate=Mon Jun 10 22:25:20 CST 2013,endedDate=Mon Jun 17 22:25:20 CST 2013,slug=jud-2013]
DEBUG main com.hantsylabs.example.conference.jdbc.SimpleJdbcConferenceDaoImpl$ConferencenJdbcInsert - Compiled insert object: insert string is [INSERT INTO conference (name, slug, description, started_date, ended_date) VALUES(?, ?, ?, ?, ?)]
DEBUG main com.hantsylabs.example.conference.jdbc.SimpleJdbcConferenceDaoImpl$ConferencenJdbcInsert - JdbcInsert for table [conference] compiled
DEBUG main com.hantsylabs.example.conference.jdbc.SimpleJdbcConferenceDaoImpl$ConferencenJdbcInsert - The following parameters are used for call INSERT INTO conference (name, slug, description, started_date, ended_date) VALUES(?, ?, ?, ?, ?) with: [JUD2013, jud-2014, JBoss User Developer Conference 2013 Boston, 2013-06-10 22:25:20.146, 2013-06-17 22:25:20.146]
DEBUG main com.hantsylabs.example.conference.jdbc.SimpleJdbcConferenceDaoImpl$ConferencenJdbcInsert - Using generated keys support with array of column names.
DEBUG main com.hantsylabs.example.conference.dao.SimpleJdbcConferenceDaoImplTest - id @=2
DEBUG main com.hantsylabs.example.conference.jdbc.SimpleJdbcConferenceDaoImpl$FindById - RdbmsOperation with SQL [select * from conference where id=?] compiled
DEBUG main com.hantsylabs.example.conference.dao.SimpleJdbcConferenceDaoImplTest - conference @Conference[id=2,version=<null>,name=JUD2013,description=JBoss User Developer Conference 2013 Boston,startedDate=2013-06-10,endedDate=2013-06-17,slug=jud-2014]
DEBUG main com.hantsylabs.example.conference.jdbc.SimpleJdbcConferenceDaoImpl$FindBySlug - RdbmsOperation with SQL [select * from conference where slug=?] compiled
DEBUG main com.hantsylabs.example.conference.jdbc.SimpleJdbcConferenceDaoImpl$FindBySlug - RdbmsOperation with SQL [select * from conference where slug=?] compiled
DEBUG main com.hantsylabs.example.conference.dao.SimpleJdbcConferenceDaoImplTest - ===================after test=====================
DEBUG main com.hantsylabs.example.conference.jdbc.SimpleJdbcConferenceDaoImpl$DeleteAll - RdbmsOperation with SQL [delete from conference] compiled
DEBUG main com.hantsylabs.example.conference.jdbc.SimpleJdbcConferenceDaoImpl - rows deleted @2
INFO main org.springframework.test.context.transaction.TransactionalTestExecutionListener - Rolled back transaction after test execution for test context [TestContext@233c779c testClass = SimpleJdbcConferenceDaoImplTest, testInstance = com.hantsylabs.example.conference.dao.SimpleJdbcConferenceDaoImplTest@56d0b4d6, testMethod = retrieveConference@SimpleJdbcConferenceDaoImplTest, testException = [null], mergedContextConfiguration = [MergedContextConfiguration@20107a21 testClass = SimpleJdbcConferenceDaoImplTest, locations = '{classpath:/com/hantsylabs/example/conference/config/applicationContext-jdbc.xml}', classes = '{}', contextInitializerClasses = '[]', activeProfiles = '{}', contextLoader = 'org.springframework.test.context.support.DelegatingSmartContextLoader', parent = [null]]]
INFO Thread-1 org.springframework.context.support.GenericApplicationContext - Closing org.springframework.context.support.GenericApplicationContext@29a6119a: startup date [Sat May 11 22:25:18 CST 2013]; root of context hierarchy
INFO Thread-1 org.springframework.beans.factory.support.DefaultListableBeanFactory - Destroying singletons in org.springframework.beans.factory.support.DefaultListableBeanFactory@11ce22ab: defining beans [dataSource,transactionManager,jdbcTemplate,namedParamJdbcTemplate,jdbcConferenceDaoImpl,jdbcTemplateConferenceDaoImpl,namedParamJdbcTemplateConferenceDaoImpl,simpleJdbcConferenceDaoImpl,org.springframework.context.annotation.internalConfigurationAnnotationProcessor,org.springframework.context.annotation.internalAutowiredAnnotationProcessor,org.springframework.context.annotation.internalRequiredAnnotationProcessor,org.springframework.context.annotation.internalCommonAnnotationProcessor,org.springframework.context.annotation.internalPersistenceAnnotationProcessor,org.springframework.context.annotation.ConfigurationClassPostProcessor.importAwareProcessor]; root of factory hierarchy
DEBUG main com.hantsylabs.example.conference.dao.SimpleJdbcConferenceDaoImplTest - ===================before class======================
INFO main org.springframework.beans.factory.xml.XmlBeanDefinitionReader - Loading XML bean definitions from class path resource [com/hantsylabs/example/conference/config/applicationContext-jdbc.xml]
INFO main org.springframework.context.annotation.ClassPathBeanDefinitionScanner - JSR-330 'javax.inject.Named' annotation found and supported for component scanning
INFO main org.springframework.context.support.GenericApplicationContext - Refreshing org.springframework.context.support.GenericApplicationContext@3189ed00: startup date [Sat May 11 23:29:03 CST 2013]; root of context hierarchy
INFO main org.springframework.beans.factory.annotation.AutowiredAnnotationBeanPostProcessor - JSR-330 'javax.inject.Inject' annotation found and supported for autowiring
INFO main org.springframework.beans.factory.support.DefaultListableBeanFactory - Pre-instantiating singletons in org.springframework.beans.factory.support.DefaultListableBeanFactory@744611ae: defining beans [dataSource,transactionManager,jdbcTemplate,namedParamJdbcTemplate,jdbcConferenceDaoImpl,jdbcTemplateConferenceDaoImpl,namedParamJdbcTemplateConferenceDaoImpl,simpleJdbcConferenceDaoImpl,org.springframework.context.annotation.internalConfigurationAnnotationProcessor,org.springframework.context.annotation.internalAutowiredAnnotationProcessor,org.springframework.context.annotation.internalRequiredAnnotationProcessor,org.springframework.context.annotation.internalCommonAnnotationProcessor,org.springframework.context.annotation.internalPersistenceAnnotationProcessor,org.springframework.context.annotation.ConfigurationClassPostProcessor.importAwareProcessor]; root of factory hierarchy
INFO main org.springframework.jdbc.datasource.embedded.EmbeddedDatabaseFactory - Creating embedded database 'dataSource'
INFO main org.springframework.jdbc.datasource.init.ResourceDatabasePopulator - Executing SQL script from class path resource [com/hantsylabs/example/conference/config/schema.sql]
INFO main org.springframework.jdbc.datasource.init.ResourceDatabasePopulator - Done executing SQL script from class path resource [com/hantsylabs/example/conference/config/schema.sql] in 558 ms.
INFO main org.springframework.test.context.transaction.TransactionalTestExecutionListener - Began transaction (1): transaction manager [org.springframework.jdbc.datasource.DataSourceTransactionManager@b1f28df]; rollback [true]
DEBUG main com.hantsylabs.example.conference.dao.SimpleJdbcConferenceDaoImplTest - ===================before test=====================
DEBUG main com.hantsylabs.example.conference.dao.SimpleJdbcConferenceDaoImplTest - enter test retrieveConference@
DEBUG main com.hantsylabs.example.conference.dao.SimpleJdbcConferenceDaoImplTest - new conference object:Conference[id=<null>,version=<null>,name=JUD2013,description=JBoss User Developer Conference 2013 Boston,startedDate=Mon Jun 10 23:29:06 CST 2013,endedDate=Mon Jun 17 23:29:06 CST 2013,slug=jud-2013]
DEBUG main com.hantsylabs.example.conference.jdbc.SimpleJdbcConferenceDaoImpl$ConferencenJdbcInsert - Compiled insert object: insert string is [INSERT INTO conference (name, slug, description, started_date, ended_date) VALUES(?, ?, ?, ?, ?)]
DEBUG main com.hantsylabs.example.conference.jdbc.SimpleJdbcConferenceDaoImpl$ConferencenJdbcInsert - JdbcInsert for table [conference] compiled
DEBUG main com.hantsylabs.example.conference.jdbc.SimpleJdbcConferenceDaoImpl$ConferencenJdbcInsert - The following parameters are used for call INSERT INTO conference (name, slug, description, started_date, ended_date) VALUES(?, ?, ?, ?, ?) with: [JUD2013, jud-2014, JBoss User Developer Conference 2013 Boston, 2013-06-10 23:29:06.047, 2013-06-17 23:29:06.047]
DEBUG main com.hantsylabs.example.conference.jdbc.SimpleJdbcConferenceDaoImpl$ConferencenJdbcInsert - Using generated keys support with array of column names.
DEBUG main com.hantsylabs.example.conference.dao.SimpleJdbcConferenceDaoImplTest - id @=2
DEBUG main com.hantsylabs.example.conference.jdbc.SimpleJdbcConferenceDaoImpl$FindById - RdbmsOperation with SQL [select * from conference where id=?] compiled
DEBUG main com.hantsylabs.example.conference.dao.SimpleJdbcConferenceDaoImplTest - conference @Conference[id=2,version=<null>,name=JUD2013,description=JBoss User Developer Conference 2013 Boston,startedDate=2013-06-10,endedDate=2013-06-17,slug=jud-2014]
DEBUG main com.hantsylabs.example.conference.jdbc.SimpleJdbcConferenceDaoImpl$FindBySlug - RdbmsOperation with SQL [select * from conference where slug=?] compiled
DEBUG main com.hantsylabs.example.conference.jdbc.SimpleJdbcConferenceDaoImpl$FindBySlug - RdbmsOperation with SQL [select * from conference where slug=?] compiled
DEBUG main com.hantsylabs.example.conference.dao.SimpleJdbcConferenceDaoImplTest - ===================after test=====================
DEBUG main com.hantsylabs.example.conference.jdbc.SimpleJdbcConferenceDaoImpl$DeleteAll - RdbmsOperation with SQL [delete from conference] compiled
DEBUG main com.hantsylabs.example.conference.jdbc.SimpleJdbcConferenceDaoImpl - rows deleted @2
INFO main org.springframework.test.context.transaction.TransactionalTestExecutionListener - Rolled back transaction after test execution for test context [TestContext@20107a21 testClass = SimpleJdbcConferenceDaoImplTest, testInstance = com.hantsylabs.example.conference.dao.SimpleJdbcConferenceDaoImplTest@19c21cf9, testMethod = retrieveConference@SimpleJdbcConferenceDaoImplTest, testException = [null], mergedContextConfiguration = [MergedContextConfiguration@16fc2ca5 testClass = SimpleJdbcConferenceDaoImplTest, locations = '{classpath:/com/hantsylabs/example/conference/config/applicationContext-jdbc.xml}', classes = '{}', contextInitializerClasses = '[]', activeProfiles = '{}', contextLoader = 'org.springframework.test.context.support.DelegatingSmartContextLoader', parent = [null]]]
INFO Thread-1 org.springframework.context.support.GenericApplicationContext - Closing org.springframework.context.support.GenericApplicationContext@3189ed00: startup date [Sat May 11 23:29:03 CST 2013]; root of context hierarchy
INFO Thread-1 org.springframework.beans.factory.support.DefaultListableBeanFactory - Destroying singletons in org.springframework.beans.factory.support.DefaultListableBeanFactory@744611ae: defining beans [dataSource,transactionManager,jdbcTemplate,namedParamJdbcTemplate,jdbcConferenceDaoImpl,jdbcTemplateConferenceDaoImpl,namedParamJdbcTemplateConferenceDaoImpl,simpleJdbcConferenceDaoImpl,org.springframework.context.annotation.internalConfigurationAnnotationProcessor,org.springframework.context.annotation.internalAutowiredAnnotationProcessor,org.springframework.context.annotation.internalRequiredAnnotationProcessor,org.springframework.context.annotation.internalCommonAnnotationProcessor,org.springframework.context.annotation.internalPersistenceAnnotationProcessor,org.springframework.context.annotation.ConfigurationClassPostProcessor.importAwareProcessor]; root of factory hierarchy
